<?xml version="1.0" encoding="UTF-8"?>
<testsuite name="controllers.NoteAPITest$ListNotes" tests="5" skipped="0" failures="0" errors="0" timestamp="2022-10-19T14:53:02" hostname="LAPTOP-2AEH1GC0" time="0.025">
  <properties/>
  <testcase name="listActiveNotes returns no active notes stored when ArrayList is empty()" classname="controllers.NoteAPITest$ListNotes" time="0.013"/>
  <testcase name="listAllNotes returns No Notes Stored message when ArrayList is empty()" classname="controllers.NoteAPITest$ListNotes" time="0.002"/>
  <testcase name="listActiveNotes returns active notes when ArrayList has active notes stored()" classname="controllers.NoteAPITest$ListNotes" time="0.003"/>
  <testcase name="listArchivedNotes returns no archived notes when ArrayList is empty()" classname="controllers.NoteAPITest$ListNotes" time="0.002"/>
  <testcase name="listAllNotes returns Notes when ArrayList has notes stored()" classname="controllers.NoteAPITest$ListNotes" time="0.001"/>
  <system-out><![CDATA[]]></system-out>
  <system-err><![CDATA[]]></system-err>
</testsuite>
