<?xml version="1.0" encoding="UTF-8"?>
<testsuite name="controllers.NoteAPITest$AddNotes" tests="2" skipped="0" failures="0" errors="0" timestamp="2022-10-12T20:39:59" hostname="LAPTOP-2AEH1GC0" time="0.092">
  <properties/>
  <testcase name="adding a Note to a populated list adds to ArrayList()" classname="controllers.NoteAPITest$AddNotes" time="0.085"/>
  <testcase name="adding a Note to an empty list adds to ArrayList()" classname="controllers.NoteAPITest$AddNotes" time="0.004"/>
  <system-out><![CDATA[]]></system-out>
  <system-err><![CDATA[]]></system-err>
</testsuite>
