<?xml version="1.0" encoding="UTF-8"?>
<testsuite name="controllers.NoteAPITest$ListNotes" tests="1" skipped="0" failures="0" errors="0" timestamp="2022-10-24T22:07:33" hostname="LAPTOP-2AEH1GC0" time="0.065">
  <properties/>
  <testcase name="listNoteCategories returns Notes when ArrayList has notes stored()" classname="controllers.NoteAPITest$ListNotes" time="0.065"/>
  <system-out><![CDATA[]]></system-out>
  <system-err><![CDATA[]]></system-err>
</testsuite>
